  nnodes:                   120
  sortmemory =                     1
 start of cfmm (alloc & mp_alloc):              286331168              286331168
          ws =             1
    ncharges =    1073741824
                    3   1548.0000      1.31730289E+17  9.00719872E+15
     energy(scaled) =           1077654573566394368.000000000000000000
     energy         =           1085079438149812224.000000000000000000
  err:                     2   1.0068898      1.00000005E-03  1.08507946E+15
  ilevel =                     3  de =   1.07765461E+15  1.08507946E+15
  1   0.317053413766882918D+20   0.000000000000000000D+00   0.317053413766882918D+20   0
  2   0.774056185954304000D+19   0.512176521216000000D+12   0.774056240929885389D+19   3
                    4   26676.000      2.22892997E+16  1.12589937E+15
     energy(scaled) =           1077654573566394368.000000000000000000
     energy         =           1085079438149812224.000000000000000000
  err:                     2   1.0068898      1.00000005E-03  1.08507946E+15
  ilevel =                     4  de =   1.07765461E+15  1.08507946E+15
  1   0.317053413766882918D+20   0.000000000000000000D+00   0.317053413766882918D+20   0
  2   0.774056185954304000D+19   0.512176521216000000D+12   0.774056240929885389D+19   3
  3   0.128783597938147328D+19   0.512205160448000000D+12   0.128783652913728717D+19   3
                    5   292068.00      3.20370201E+15  1.40736951E+14
     energy(scaled) =           1077654573566394368.000000000000000000
     energy         =           1085079438149812224.000000000000000000
  err:                     2   1.0068898      1.00000005E-03  1.08507946E+15
  ilevel =                     5  de =   1.07765461E+15  1.08507946E+15
  1   0.317053413766882918D+20   0.000000000000000000D+00   0.317053413766882918D+20   0
  2   0.774056185954304000D+19   0.512176521216000000D+12   0.774056240929885389D+19   3
  3   0.128783597938147328D+19   0.512205160448000000D+12   0.128783652913728717D+19   3
  4   0.183944137798582272D+18   0.512518848512000000D+12   0.183944653194657792D+18   3
                    6   2699460.0      4.28324204E+14  1.75916492E+13
     energy(scaled) =           1077654573566394368.000000000000000000
     energy         =           1085079438149812224.000000000000000000
  err:                     2   1.0068898      1.00000005E-03  1.08507946E+15
  ilevel =                     6  de =   1.07765461E+15  1.08507946E+15
  2   0.774056185954304000D+19   0.512176521216000000D+12   0.774056240929885389D+19   3
  3   0.128783597938147328D+19   0.512205160448000000D+12   0.128783652913728717D+19   3
  4   0.183944137798582272D+18   0.512518848512000000D+12   0.183944653194657792D+18   3
  5   0.245253713617223680D+17   0.515418062848000000D+12   0.245258867577978880D+17   3
                    7   23149188.      5.53384390E+13  2.19848638E+12
     energy(scaled) =           1077654573566394368.000000000000000000
     energy         =           1085079438149812224.000000000000000000
  err:                     2   1.0068898      1.00000005E-03  1.08507946E+15
  ilevel =                     7  de =   1.07765461E+15  1.08507946E+15
  3   0.128783597938147328D+19   0.512205160448000000D+12   0.128783652913728717D+19   3
  4   0.183944137798582272D+18   0.512518848512000000D+12   0.183944653194657792D+18   3
  5   0.245253713617223680D+17   0.515418062848000000D+12   0.245258867577978880D+17   3
  6   0.316453082995097600D+16   0.540280291328000000D+12   0.316507119052390400D+16   3
                    8  1.91616512E+08  7.03146439E+12  2.74341036E+11
     energy(scaled) =           1077654573566394368.000000000000000000
     energy         =           1085079438149812224.000000000000000000
  err:                     2   1.0068898      1.00000005E-03  1.08507946E+15
  ilevel =                     8  de =   1.07765461E+15  1.08507946E+15
  4   0.183944137798582272D+18   0.512518848512000000D+12   0.183944653194657792D+18   3
  5   0.245253713617223680D+17   0.515418062848000000D+12   0.245258867577978880D+17   3
  6   0.316453082995097600D+16   0.540280291328000000D+12   0.316507119052390400D+16   3
  7   0.401819289255936000D+15   0.746076438528000000D+12   0.402565372051456000D+15   3
                    9  1.55904742E+09  8.86124315E+11  3.38228675E+10
     energy(scaled) =           1077654573566394368.000000000000000000
     energy         =           1085079438149812224.000000000000000000
  err:                     2   1.0068898      1.00000005E-03  1.08507946E+15
  ilevel =                     9  de =   1.07765461E+15  1.08507946E+15
  5   0.245253713617223680D+17   0.515418062848000000D+12   0.245258867577978880D+17   3
  6   0.316453082995097600D+16   0.540280291328000000D+12   0.316507119052390400D+16   3
  7   0.401819289255936000D+15   0.746076438528000000D+12   0.402565372051456000D+15   3
  8   0.505970971115520000D+14   0.242049351680000000D+13   0.530175922012160000D+14   3
                   10  1.25776927E+10  1.11216755E+11  3.75809638E+09
     energy(scaled) =           1077654573566394368.000000000000000000
     energy         =           1085079438149812224.000000000000000000
  err:                     2   1.0068898      1.00000005E-03  1.08507946E+15
  ilevel =                    10  de =   1.07765461E+15  1.08507946E+15
  6   0.316453082995097600D+16   0.540280291328000000D+12   0.316507119052390400D+16   3
  7   0.401819289255936000D+15   0.746076438528000000D+12   0.402565372051456000D+15   3
  8   0.505970971115520000D+14   0.242049351680000000D+13   0.530175922012160000D+14   3
  9   0.632361687449600000D+13   0.159289347932160000D+14   0.222525527162880000D+14   3
  xe =    8.7918253      ye =   2.05101717E+13
  fracdepth =    8.7918253      depth =                     9
  sh  =   0.13436824    
  sortmemory =            536888540 nalloc =            536878700 mem_size =                 9225
  additional memory in fmmsort:             107374188                 9225            107383413
 fmmsort:    11.028689000000000       seconds
  emptyboxes = T             85184000 occupied boxes,             49033728 empty boxes, depth =                    9
                    1                    1
                    2                    1
                    3                    1
                    4                    1
                    5                    8
                    6                   25
                    7                  200
                    8                 1595
                    9                11097
                   10                88775
 start of pass5 (alloc & mp_alloc):              536878700              536888540
 start of pass5 (        mp_alloc):                      0                      0
 start of pass5bibj (alloc & mp_alloc):              536878700              536888540
 start of pass5bibj (        mp_alloc):                      0                    192
   end of pass5bibj (alloc & mp_alloc):              536878700              578806908
   end of pass5bibj (        mp_alloc):                      0               16518984
 pass5bibj:    252.75979599999999       seconds
   end of pass5 (alloc & mp_alloc):              536878700              578806908
   end of pass5 (        mp_alloc):                      0               16518984
 pass5:    256.09200400000003       seconds
 scalecoordinates:    269.06881499999997       seconds
  parabola =                     1
  nmultipoles =                     3
  sh  =   0.13436824    
                    1                    1                    1
                    2                    1                    2
                    3                    1                    3
                    4                    8                   11
                    5                   25                   36
                    6                  200                  236
                    7                 1595                 1831
                    8                11097                12928
                    9                88775               101703
                   10               710197               811900
 sortcharges:    1.1720740000000092       seconds
 nmultipoles =             3
 start of pass1 (alloc & mp_alloc):              601833660              601833660
 start of pass1 (        mp_alloc):                      0               16518984
   end of pass1 (alloc & mp_alloc):              601833660              601846348
   end of pass1 (        mp_alloc):                      0               16518984
 pass1:    7.9444970000000126       seconds
 start of pass2 (alloc & mp_alloc):              666787820              666787820
 start of pass2 (        mp_alloc):                      0               16518984
   end of pass2 (alloc & mp_alloc):              666787820              698321176
   end of pass2 (        mp_alloc):                      0               16518984
 pass2:    289.55409599999996       seconds
 start of pass3 (alloc & mp_alloc):              666785696              698321176
 start of pass4 (alloc & mp_alloc):              666786260              698321176
 start of pass4 (        mp_alloc):                      0               16518984
   end of pass4 (alloc & mp_alloc):              666786260              698321176
   end of pass4 (        mp_alloc):                      0               16518984
 pass4:    1.6681039999999712       seconds
   end of pass3 (alloc & mp_alloc):              666785696              698321176
 pass3:    3.1881990000000542       seconds
  sortmemory =            698321176 nalloc =            465291604 mem_size =            218465220
  additional memory in sortback:             218465220
 sortback:    14.324895999999967       seconds
 virial tensor:
   0.361943731621855232D+18  -0.736637812736000000D+12   0.154712408064000000D+13
   0.616634187776000000D+12   0.361939745892204544D+18  -0.210837189427200000D+13
  -0.153973922201600000D+13  -0.808639987712000000D+12   0.361944384456884224D+18
 trace of the virial tensor:   0.108582786197094400D+19
 symmetry deviation of the virial tensor (absolute):
   0.000000000000000000D+00   0.135327200051200000D+13   0.308686330265600000D+13
   0.135327200051200000D+13   0.000000000000000000D+00   0.129973197209600000D+13
   0.308686330265600000D+13   0.129973197209600000D+13   0.000000000000000000D+00
 symmetry deviation of the virial tensor (relative):
   0.000000000000000000D+00   0.373894272343022749D-05   0.852857192512601614D-05
   0.373894272343022749D-05   0.000000000000000000D+00   0.359101750291301869D-05
   0.852857192512601614D-05   0.359101750291301869D-05   0.000000000000000000D+00
  efarfield     =   1.08520925E+18
  efarfieldpot  =   1.08520907818896358E+018
  utilization of precision:  99.6206970215%
  utilization of precision:  99.6206970215%
  utilization of precision:  99.6206970215%
  utilization of precision:  99.6206970215%
  utilization of precision:  99.6206970215%
  utilization of precision:  99.6206970215%
  utilization of precision:  99.6206970215%
  utilization of precision:  99.6206970215%
  utilization of precision:  99.6206970215%
  utilization of precision:  99.6206970215%
  utilization of precision:  99.6206970215%
  utilization of precision:  99.6206970215%
  utilization of precision:  99.6206970215%
  utilization of precision:  99.6206970215%
  utilization of precision:  99.6206970215%
  utilization of precision:  99.6206970215%
  utilization of precision:  99.6206970215%
  utilization of precision:  99.6206970215%
  utilization of precision:  99.6206970215%
  utilization of precision:  99.6206970215%
  utilization of precision:  99.6206970215%
  utilization of precision:  99.6206970215%
  utilization of precision:  99.6206970215%
  utilization of precision:  99.6206970215%
  utilization of precision:  99.6206970215%
  utilization of precision:  99.6206970215%
  utilization of precision:  99.6206970215%
  utilization of precision:  99.6206970215%
  utilization of precision:  99.6206970215%
  utilization of precision:  99.6206970215%
  utilization of precision:  99.6206970215%
  utilization of precision:  99.6206970215%
  utilization of precision:  99.6206970215%
  utilization of precision:  99.6206970215%
  utilization of precision:  99.6206970215%
  utilization of precision:  99.6206970215%
  utilization of precision:  99.6206970215%
  utilization of precision:  99.6206970215%
  utilization of precision:  99.6206970215%
  utilization of precision:  99.6206970215%
  utilization of precision:  99.6206970215%
  utilization of precision:  99.6206970215%
  utilization of precision:  99.6206970215%
  utilization of precision:  99.6206970215%
  utilization of precision:  99.6206970215%
  utilization of precision:  99.6206970215%
  utilization of precision:  99.6206970215%
  utilization of precision:  99.6206970215%
  utilization of precision:  99.6206970215%
  utilization of precision:  99.6206970215%
  utilization of precision:  99.6206970215%
  utilization of precision:  99.6206970215%
  utilization of precision:  99.6206970215%
  utilization of precision:  99.6206970215%
  utilization of precision:  99.6206970215%
  utilization of precision:  99.6206970215%
  utilization of precision:  99.6206970215%
  utilization of precision:  99.6206970215%
  utilization of precision:  99.6206970215%
  utilization of precision:  99.6206970215%
  utilization of precision:  99.6206970215%
  utilization of precision:  99.6206970215%
  utilization of precision:  99.6206970215%
  utilization of precision:  99.6206970215%
  utilization of precision:  99.6206970215%
  utilization of precision:  99.6206970215%
  utilization of precision:  99.6206970215%
  utilization of precision:  99.6206970215%
  utilization of precision:  99.6206970215%
  utilization of precision:  99.6206970215%
  utilization of precision:  99.6206970215%
  utilization of precision:  99.6206970215%
  utilization of precision:  99.6206970215%
  utilization of precision:  99.6206970215%
  utilization of precision:  99.6206970215%
  utilization of precision:  99.6206970215%
  utilization of precision:  99.6206970215%
  utilization of precision:  99.6206970215%
  utilization of precision:  99.6206970215%
  utilization of precision:  99.6206970215%
  utilization of precision:  99.6206970215%
  utilization of precision:  99.6206970215%
  utilization of precision:  99.6206970215%
  utilization of precision:  99.6206970215%
  utilization of precision:  99.6206970215%
  utilization of precision:  99.6206970215%
  utilization of precision:  99.6206970215%
  utilization of precision:  99.6206970215%
  utilization of precision:  99.6206970215%
  utilization of precision:  99.6206970215%
  utilization of precision:  99.6206970215%
  utilization of precision:  99.6206970215%
  utilization of precision:  99.6206970215%
  utilization of precision:  99.6206970215%
  utilization of precision:  99.6206970215%
  utilization of precision:  99.6206970215%
  utilization of precision:  99.6206970215%
  utilization of precision:  99.6206970215%
  enearfield    =   6.02670398E+13
  utilization of precision:  99.6206970215%
  energy        =   1.08526952E+18
  utilization of precision:  99.6206970215%
  energypot     =   1.08526938E+18
  utilization of precision:  99.6206970215%
  utilization of precision:  99.6206970215%
  utilization of precision:  99.6206970215%
  utilization of precision:  99.6206970215%
  utilization of precision:  99.6206970215%
  utilization of precision:  99.6206970215%
  utilization of precision:  99.6206970215%
  utilization of precision:  99.6206970215%
  utilization of precision:  99.6206970215%
  utilization of precision:  99.6206970215%
  efarfield          =   1.08520925E+18
  utilization of precision:  99.6206970215%
  utilization of precision:  99.6206970215%
  utilization of precision:  99.6206970215%
  utilization of precision:  99.6206970215%
  utilization of precision:  99.6206970215%
  utilization of precision:  99.6206970215%
  utilization of precision:  99.6206970215%
  utilization of precision:  99.6206970215%
  utilization of precision:  99.6206970215%
  enearfield         =   6.02670398E+13
  enfinbox           =   4.92026986E+12
  enfbibj            =   5.53467689E+13
  energy             =   1.08526952E+18
   gradx =  -0.104609689600000000D+10
   grady =  -0.104608652800000000D+10
   gradz =  -0.104610323200000000D+10
     pot =  -0.127939750400000000D+10
  energy =   0.108526951622246400D+19
   end of cfmm (alloc & mp_alloc):              286331168              698321176
     cputime:    587.87674000000004      seconds
    walltime:    587.86594605445862      seconds
  difference:   1.07939455414225449E-002 seconds
  difference:    0.0018361236%
  utilization of precision:  99.6206970215%
  bytes/pt.                =    78.110685586929321     
  fmm_runtime(sequential)  =    70548.537001999997      seconds
  pt./second(sequential)   =    15219.902065007531     
  fmm_runtime(parallel)    =    587.90447501666665      seconds
  pt./second(parallel)     =    1826388.2478009036     
  bytes/pt.(minimum)       =    76.662655422845802     
  bytes/pt.(maximum)       =    79.110810207011767     
  pt./second(minimum)      =    15219.687116052186     
  pt./second(maximum)      =    15221.344210453430     
  fmm_runtime(minimum)     =    587.84873900000002      seconds
  fmm_runtime(maximum)     =    587.91274299999998      seconds
  pt./second(par.,minimum) =    1826362.5627859542     
  pt./second(par.,maximum) =    1826561.4141259559     
  parallel efficiency      =  99.9985936716916370%
 mp_finalize() - THE END :-)
 mp_finalize() - THE END :-)
 mp_finalize() - THE END :-)
     nalloc =                     0
  maxnalloc =             698321176
 mp_finalize() - THE END :-)
 mp_finalize() - THE END :-)
 mp_finalize() - THE END :-)
 mp_finalize() - THE END :-)
 mp_finalize() - THE END :-)
 mp_finalize() - THE END :-)
 mp_finalize() - THE END :-)
 mp_finalize() - THE END :-)
 mp_finalize() - THE END :-)
 mp_finalize() - THE END :-)
 mp_finalize() - THE END :-)
 mp_finalize() - THE END :-)
 mp_finalize() - THE END :-)
 mp_finalize() - THE END :-)
 mp_finalize() - THE END :-)
 mp_finalize() - THE END :-)
 mp_finalize() - THE END :-)
 mp_finalize() - THE END :-)
 mp_finalize() - THE END :-)
 mp_finalize() - THE END :-)
 mp_finalize() - THE END :-)
 mp_finalize() - THE END :-)
 mp_finalize() - THE END :-)
 mp_finalize() - THE END :-)
 mp_finalize() - THE END :-)
 mp_finalize() - THE END :-)
 mp_finalize() - THE END :-)
 mp_finalize() - THE END :-)
 mp_finalize() - THE END :-)
 mp_finalize() - THE END :-)
 mp_finalize() - THE END :-)
 mp_finalize() - THE END :-)
 mp_finalize() - THE END :-)
 mp_finalize() - THE END :-)
 mp_finalize() - THE END :-)
 mp_finalize() - THE END :-)
 mp_finalize() - THE END :-)
 mp_finalize() - THE END :-)
 mp_finalize() - THE END :-)
 mp_finalize() - THE END :-)
 mp_finalize() - THE END :-)
 mp_finalize() - THE END :-)
 mp_finalize() - THE END :-)
 mp_finalize() - THE END :-)
 mp_finalize() - THE END :-)
 mp_finalize() - THE END :-)
 mp_finalize() - THE END :-)
 mp_finalize() - THE END :-)
 mp_finalize() - THE END :-)
 mp_finalize() - THE END :-)
 mp_finalize() - THE END :-)
 mp_finalize() - THE END :-)
 mp_finalize() - THE END :-)
 mp_finalize() - THE END :-)
 mp_finalize() - THE END :-)
 mp_finalize() - THE END :-)
 mp_finalize() - THE END :-)
 mp_finalize() - THE END :-)
 mp_finalize() - THE END :-)
 mp_finalize() - THE END :-)
 mp_finalize() - THE END :-)
 mp_finalize() - THE END :-)
 mp_finalize() - THE END :-)
 mp_finalize() - THE END :-)
 mp_finalize() - THE END :-)
 mp_finalize() - THE END :-)
 mp_finalize() - THE END :-)
 mp_finalize() - THE END :-)
 mp_finalize() - THE END :-)
 mp_finalize() - THE END :-)
 mp_finalize() - THE END :-)
 mp_finalize() - THE END :-)
 mp_finalize() - THE END :-)
 mp_finalize() - THE END :-)
 mp_finalize() - THE END :-)
 mp_finalize() - THE END :-)
 mp_finalize() - THE END :-)
 mp_finalize() - THE END :-)
 mp_finalize() - THE END :-)
 mp_finalize() - THE END :-)
 mp_finalize() - THE END :-)
 mp_finalize() - THE END :-)
 mp_finalize() - THE END :-)
 mp_finalize() - THE END :-)
 mp_finalize() - THE END :-)
 mp_finalize() - THE END :-)
 mp_finalize() - THE END :-)
 mp_finalize() - THE END :-)
 mp_finalize() - THE END :-)
 mp_finalize() - THE END :-)
 mp_finalize() - THE END :-)
 mp_finalize() - THE END :-)
 mp_finalize() - THE END :-)
 mp_finalize() - THE END :-)
 mp_finalize() - THE END :-)
 mp_finalize() - THE END :-)
 mp_finalize() - THE END :-)
 mp_finalize() - THE END :-)
 mp_finalize() - THE END :-)
 mp_finalize() - THE END :-)
 mp_finalize() - THE END :-)
 mp_finalize() - THE END :-)
 mp_finalize() - THE END :-)
 mp_finalize() - THE END :-)
 mp_finalize() - THE END :-)
 mp_finalize() - THE END :-)
 mp_finalize() - THE END :-)
 mp_finalize() - THE END :-)
 mp_finalize() - THE END :-)
 mp_finalize() - THE END :-)
 mp_finalize() - THE END :-)
 mp_finalize() - THE END :-)
 mp_finalize() - THE END :-)
 mp_finalize() - THE END :-)
 mp_finalize() - THE END :-)
 mp_finalize() - THE END :-)
 mp_finalize() - THE END :-)
Application 4454547 resources: utime ~70079s, stime ~543s
