  nnodes:                    24
  sortmemory =                     1
 start of cfmm (alloc & mp_alloc):                1333344                1333344
          ws =             1
    ncharges =       1000000
                    3   1548.0000      1.14257814E+11  7.81199974E+09
     energy(scaled) =                  943232581632.000000000000000000
     energy         =                  941153058816.000000000000000000
  err:                     2  0.99779528      1.00000005E-03  9.41153088E+08
  ilevel =                     3  de =   9.43232640E+08  9.41153088E+08
  1   0.274999730503680000D+14   0.000000000000000000D+00   0.274999730503680000D+14   0
  2   0.671383971430400000D+13   0.478662592000000000D+09   0.671431838924800000D+13   3
                    4   26676.000      1.93328865E+10  9.76062528E+08
     energy(scaled) =                  943232581632.000000000000000000
     energy         =                  941153058816.000000000000000000
  err:                     2  0.99779528      1.00000005E-03  9.41153088E+08
  ilevel =                     4  de =   9.43232640E+08  9.41153088E+08
  1   0.274999730503680000D+14   0.000000000000000000D+00   0.274999730503680000D+14   0
  2   0.671383971430400000D+13   0.478662592000000000D+09   0.671431838924800000D+13   3
  3   0.111699217612800000D+13   0.507312608000000000D+09   0.111749942476800000D+13   3
                    5   292068.00      2.77876864E+09  1.21570312E+08
     energy(scaled) =                  943232581632.000000000000000000
     energy         =                  941153058816.000000000000000000
  err:                     2  0.99779528      1.00000005E-03  9.41153088E+08
  ilevel =                     5  de =   9.43232640E+08  9.41153088E+08
  1   0.274999730503680000D+14   0.000000000000000000D+00   0.274999730503680000D+14   0
  2   0.671383971430400000D+13   0.478662592000000000D+09   0.671431838924800000D+13   3
  3   0.111699217612800000D+13   0.507312608000000000D+09   0.111749942476800000D+13   3
  4   0.159518638080000000D+12   0.820993664000000000D+09   0.160339623936000000D+12   3
                    6   2699460.0      3.71512032E+08   14758789.    
     energy(scaled) =                  943232581632.000000000000000000
     energy         =                  941153058816.000000000000000000
  err:                     2  0.99779528      1.00000005E-03  9.41153088E+08
  ilevel =                     6  de =   9.43232640E+08  9.41153088E+08
  2   0.671383971430400000D+13   0.478662592000000000D+09   0.671431838924800000D+13   3
  3   0.111699217612800000D+13   0.507312608000000000D+09   0.111749942476800000D+13   3
  4   0.159518638080000000D+12   0.820993664000000000D+09   0.160339623936000000D+12   3
  5   0.212448952320000000D+11   0.372021376000000000D+10   0.249651097600000000D+11   3
                    7   23149188.       47998444.       1407348.6    
     energy(scaled) =                  943232581632.000000000000000000
     energy         =                  941153058816.000000000000000000
  err:                     2  0.99779528      1.00000005E-03  9.41153088E+08
  ilevel =                     7  de =   9.43232640E+08  9.41153088E+08
  3   0.111699217612800000D+13   0.507312608000000000D+09   0.111749942476800000D+13   3
  4   0.159518638080000000D+12   0.820993664000000000D+09   0.160339623936000000D+12   3
  5   0.212448952320000000D+11   0.372021376000000000D+10   0.249651097600000000D+11   3
  6   0.271731865600000000D+10   0.285824409600000000D+11   0.312997601280000000D+11   3
  fmminterpoly:    5.4552975    
  fmmthieleinterpoly:    5.3782358    
  fracdepth =    5.3782358      depth =                     6
  sh  =   0.35012424    
  sortmemory =              2508692 nalloc =              2506244 mem_size =                 2295
  additional memory in fmmsort:                500004                 2295               502299
 fmmsort:   2.00010000000001575E-002  seconds
  emptyboxes = T                74088 occupied boxes,               188056 empty boxes, depth =                    6
                    1                    1
                    2                    1
                    3                    1
                    4                    6
                    5                   13
                    6                  100
                    7                  506
 start of pass5 (alloc & mp_alloc):                2506244                2508692
 start of pass5 (        mp_alloc):                      0                      0
 start of pass5bibj (alloc & mp_alloc):                2506244                2508692
 start of pass5bibj (        mp_alloc):                      0                    288
   end of pass5bibj (alloc & mp_alloc):                2506244                3622196
   end of pass5bibj (        mp_alloc):                      0                 579240
 pass5bibj:   0.26401699999999995       seconds
   end of pass5 (alloc & mp_alloc):                2506244                3622196
   end of pass5 (        mp_alloc):                      0                 579240
 pass5:   0.29201899999999981       seconds
 scalecoordinates:   0.32001999999999997       seconds
  parabola =                     1
  nmultipoles =                     3
  sh  =   0.35012424    
                    1                    1                    1
                    2                    1                    2
                    3                    6                    8
                    4                   13                   21
                    5                  100                  121
                    6                  506                  627
                    7                 3073                 3700
 sortcharges:   4.00100000000014333E-003  seconds
 nmultipoles =             3
 start of pass1 (alloc & mp_alloc):                2805156                3622196
 start of pass1 (        mp_alloc):                      0                 579240
   end of pass1 (alloc & mp_alloc):                2805156                3622196
   end of pass1 (        mp_alloc):                      0                 579240
 pass1:   2.40010000000001611E-002  seconds
 start of pass2 (alloc & mp_alloc):                3102668                3622196
 start of pass2 (        mp_alloc):                      0                 579240
   end of pass2 (alloc & mp_alloc):                3102668                3929752
   end of pass2 (        mp_alloc):                      0                 579240
 pass2:   0.23601499999999964       seconds
 start of pass3 (alloc & mp_alloc):                3101192                3929752
 start of pass4 (alloc & mp_alloc):                3101756                3929752
 start of pass4 (        mp_alloc):                      0                 579240
   end of pass4 (alloc & mp_alloc):                3101756                3929752
   end of pass4 (        mp_alloc):                      0                 579240
 pass4:   4.00100000000014333E-003  seconds
   end of pass3 (alloc & mp_alloc):                3101192                3929752
 pass3:   1.60010000000001540E-002  seconds
  sortmemory =              3929752 nalloc =              2168604 mem_size =              1651065
  additional memory in sortback:               1651065
 sortback:   2.80019999999998603E-002  seconds
 virial tensor:
   0.313946570752000000D+12   0.133388632812500000D+05  -0.400165917968750000D+04
  -0.266777270507812500D+04   0.313946570752000000D+12   0.533554541015625000D+04
   0.000000000000000000D+00  -0.160066367187500000D+05   0.313946701824000000D+12
 trace of the virial tensor:   0.941839876096000000D+12
 symmetry deviation of the virial tensor (absolute):
   0.000000000000000000D+00   0.160066357421875000D+05   0.400165917968750000D+04
   0.160066357421875000D+05   0.000000000000000000D+00   0.213421816406250000D+05
   0.400165917968750000D+04   0.213421816406250000D+05   0.000000000000000000D+00
 symmetry deviation of the virial tensor (relative):
   0.000000000000000000D+00   0.509852213781414321D-07   0.127463062327137777D-07
   0.509852213781414321D-07   0.000000000000000000D+00   0.679802951708552428D-07
   0.127463062327137777D-07   0.679802951708552428D-07   0.000000000000000000D+00
  efarfield     =   9.35763182E+11
  efarfieldpot  =    935763220232.88977     
  enearfield    =   5.55153152E+09
  energy        =   9.41314736E+11
  energypot     =   9.41314736E+11
  utilization of precision: 100.0000000000%
  utilization of precision: 100.0000000000%
  utilization of precision: 100.0000000000%
  utilization of precision: 100.0000000000%
  utilization of precision: 100.0000000000%
  efarfield          =   9.35763182E+11
  enearfield         =   5.55153152E+09
  utilization of precision: 100.0000000000%
  utilization of precision: 100.0000000000%
  utilization of precision: 100.0000000000%
  utilization of precision: 100.0000000000%
  utilization of precision: 100.0000000000%
  utilization of precision: 100.0000000000%
  utilization of precision: 100.0000000000%
  utilization of precision: 100.0000000000%
  enfinbox           =   4.73794048E+08
  utilization of precision: 100.0000000000%
  utilization of precision: 100.0000000000%
  utilization of precision: 100.0000000000%
  utilization of precision: 100.0000000000%
  utilization of precision: 100.0000000000%
  utilization of precision: 100.0000000000%
  utilization of precision: 100.0000000000%
  utilization of precision: 100.0000000000%
  utilization of precision: 100.0000000000%
  utilization of precision: 100.0000000000%
  enfbibj            =   5.07773696E+09
  energy             =   9.41314736E+11
   gradx =  -0.100905006250000000D+07
   grady =  -0.100905025000000000D+07
   gradz =  -0.100905081250000000D+07
     pot =  -0.120472975000000000D+07
  energy =   0.941314736128000000D+12
   end of cfmm (alloc & mp_alloc):                1333344                3929752
     cputime:   0.63603999999999994      seconds
    walltime:   0.63857102394104004      seconds
  difference:   2.53102394104010031E-003 seconds
  difference:    0.3979347118%
  utilization of precision: 100.0000000000%
  bytes/pt.                =    91.805471999999995     
  fmm_runtime(sequential)  =    15.276956000000002      seconds
  pt./second(sequential)   =    65458.066384428930     
  fmm_runtime(parallel)    =   0.63653983333333342      seconds
  pt./second(parallel)     =    1570993.5932262943     
  bytes/pt.(minimum)       =    84.356645706331307     
  bytes/pt.(maximum)       =    94.790985672114630     
  pt./second(minimum)      =    65098.954598221040     
  pt./second(maximum)      =    67635.438073625337     
  fmm_runtime(minimum)     =   0.61603799999999997      seconds
  fmm_runtime(maximum)     =   0.64004100000000019      seconds
  pt./second(par.,minimum) =    1562399.9087558449     
  pt./second(par.,maximum) =    1623276.4861907871     
  parallel efficiency      =  99.4529777519460794%
 start of cfmm (alloc & mp_alloc):                1333344                3929752
          ws =             1
    ncharges =       1000000
                    3   1548.0000      1.14257814E+11  7.81199974E+09
     energy(scaled) =                  943232581632.000000000000000000
     energy         =                  941153058816.000000000000000000
  err:                     2  0.99779528      1.00000005E-03  9.41153088E+08
  ilevel =                     3  de =   9.43232640E+08  9.41153088E+08
  1   0.274999730503680000D+14   0.000000000000000000D+00   0.274999730503680000D+14   0
  2   0.671383971430400000D+13   0.478662592000000000D+09   0.671431838924800000D+13   3
                    4   26676.000      1.93328865E+10  9.76062528E+08
     energy(scaled) =                  943232581632.000000000000000000
     energy         =                  941153058816.000000000000000000
  err:                     2  0.99779528      1.00000005E-03  9.41153088E+08
  ilevel =                     4  de =   9.43232640E+08  9.41153088E+08
  1   0.274999730503680000D+14   0.000000000000000000D+00   0.274999730503680000D+14   0
  2   0.671383971430400000D+13   0.478662592000000000D+09   0.671431838924800000D+13   3
  3   0.111699217612800000D+13   0.507312608000000000D+09   0.111749942476800000D+13   3
                    5   292068.00      2.77876864E+09  1.21570312E+08
     energy(scaled) =                  943232581632.000000000000000000
     energy         =                  941153058816.000000000000000000
  err:                     2  0.99779528      1.00000005E-03  9.41153088E+08
  ilevel =                     5  de =   9.43232640E+08  9.41153088E+08
  1   0.274999730503680000D+14   0.000000000000000000D+00   0.274999730503680000D+14   0
  2   0.671383971430400000D+13   0.478662592000000000D+09   0.671431838924800000D+13   3
  3   0.111699217612800000D+13   0.507312608000000000D+09   0.111749942476800000D+13   3
  4   0.159518638080000000D+12   0.820993664000000000D+09   0.160339623936000000D+12   3
                    6   2699460.0      3.71512032E+08   14758789.    
     energy(scaled) =                  943232581632.000000000000000000
     energy         =                  941153058816.000000000000000000
  err:                     2  0.99779528      1.00000005E-03  9.41153088E+08
  ilevel =                     6  de =   9.43232640E+08  9.41153088E+08
  2   0.671383971430400000D+13   0.478662592000000000D+09   0.671431838924800000D+13   3
  3   0.111699217612800000D+13   0.507312608000000000D+09   0.111749942476800000D+13   3
  4   0.159518638080000000D+12   0.820993664000000000D+09   0.160339623936000000D+12   3
  5   0.212448952320000000D+11   0.372021376000000000D+10   0.249651097600000000D+11   3
                    7   23149188.       47998444.       1407348.6    
     energy(scaled) =                  943232581632.000000000000000000
     energy         =                  941153058816.000000000000000000
  err:                     2  0.99779528      1.00000005E-03  9.41153088E+08
  ilevel =                     7  de =   9.43232640E+08  9.41153088E+08
  3   0.111699217612800000D+13   0.507312608000000000D+09   0.111749942476800000D+13   3
  4   0.159518638080000000D+12   0.820993664000000000D+09   0.160339623936000000D+12   3
  5   0.212448952320000000D+11   0.372021376000000000D+10   0.249651097600000000D+11   3
  6   0.271731865600000000D+10   0.285824409600000000D+11   0.312997601280000000D+11   3
  fmminterpoly:    5.4552975    
  fmmthieleinterpoly:    5.3782358    
  fracdepth =    5.3782358      depth =                     6
  sh  =   0.35012424    
  sortmemory =              3929752 nalloc =              2508260 mem_size =              1332645
  additional memory in fmmsort:                500004              1332645              1832649
 fmmsort:   2.00009999999997135E-002  seconds
  emptyboxes = T                74088 occupied boxes,               188056 empty boxes, depth =                    6
                    1                    1
                    2                    1
                    3                    1
                    4                    6
                    5                   13
                    6                  100
                    7                  506
 start of pass5 (alloc & mp_alloc):                2508260                3929752
 start of pass5 (        mp_alloc):                      0                 579240
 start of pass5bibj (alloc & mp_alloc):                2508260                3929752
 start of pass5bibj (        mp_alloc):                      0                 579240
   end of pass5bibj (alloc & mp_alloc):                2508260                3929752
   end of pass5bibj (        mp_alloc):                      0                 579240
 pass5bibj:   0.26001600000000025       seconds
   end of pass5 (alloc & mp_alloc):                2508260                3929752
   end of pass5 (        mp_alloc):                      0                 579240
 pass5:   0.28401800000000010       seconds
 scalecoordinates:   0.31201999999999996       seconds
  parabola =                     1
  nmultipoles =                     3
  sh  =   0.35012424    
                    1                    1                    1
                    2                    1                    2
                    3                    6                    8
                    4                   13                   21
                    5                  100                  121
                    6                  506                  627
                    7                 3073                 3700
 sortcharges:   4.00000000000000355E-003  seconds
 nmultipoles =             3
 start of pass1 (alloc & mp_alloc):                2807172                3929752
 start of pass1 (        mp_alloc):                      0                 579240
   end of pass1 (alloc & mp_alloc):                2807172                3929752
   end of pass1 (        mp_alloc):                      0                 579240
 pass1:   2.00010000000001575E-002  seconds
 start of pass2 (alloc & mp_alloc):                3104684                3929752
 start of pass2 (        mp_alloc):                      0                 579240
   end of pass2 (alloc & mp_alloc):                3104684                3931768
   end of pass2 (        mp_alloc):                      0                 579240
 pass2:   0.23601500000000053       seconds
 start of pass3 (alloc & mp_alloc):                3103208                3931768
 start of pass4 (alloc & mp_alloc):                3103772                3931768
 start of pass4 (        mp_alloc):                      0                 579240
   end of pass4 (alloc & mp_alloc):                3103772                3931768
   end of pass4 (        mp_alloc):                      0                 579240
 pass4:   4.00100000000058742E-003  seconds
   end of pass3 (alloc & mp_alloc):                3103208                3931768
 pass3:   1.60009999999992658E-002  seconds
  sortmemory =              3931768 nalloc =              2168604 mem_size =              1652955
  additional memory in sortback:               1652955
 sortback:   2.40020000000003009E-002  seconds
 virial tensor:
   0.313946570752000000D+12   0.533554541015625000D+04  -0.400165917968750000D+04
  -0.106710908203125000D+05   0.313946570752000000D+12   0.800331835937500000D+04
  -0.533554541015625000D+04  -0.160066367187500000D+05   0.313946701824000000D+12
 trace of the virial tensor:   0.941839876096000000D+12
 symmetry deviation of the virial tensor (absolute):
   0.000000000000000000D+00   0.160066367187500000D+05   0.133388623046875000D+04
   0.160066367187500000D+05   0.000000000000000000D+00   0.240099550781250000D+05
   0.133388623046875000D+04   0.240099550781250000D+05   0.000000000000000000D+00
 symmetry deviation of the virial tensor (relative):
   0.000000000000000000D+00   0.509852249308551109D-07   0.424876844817845267D-08
   0.509852249308551109D-07   0.000000000000000000D+00   0.764778391726395057D-07
   0.424876844817845267D-08   0.764778391726395057D-07   0.000000000000000000D+00
  efarfield     =   9.35763182E+11
  efarfieldpot  =    935763220172.84705     
  enearfield    =   5.55153152E+09
  energy        =   9.41314736E+11
  energypot     =   9.41314736E+11
  utilization of precision: 100.0000000000%
  efarfield          =   9.35763182E+11
  enearfield         =   5.55153152E+09
  enfinbox           =   4.73794048E+08
  utilization of precision: 100.0000000000%
  utilization of precision: 100.0000000000%
  utilization of precision: 100.0000000000%
  utilization of precision: 100.0000000000%
  utilization of precision: 100.0000000000%
  utilization of precision: 100.0000000000%
  utilization of precision: 100.0000000000%
  enfbibj            =   5.07773696E+09
  utilization of precision: 100.0000000000%
  utilization of precision: 100.0000000000%
  utilization of precision: 100.0000000000%
  utilization of precision: 100.0000000000%
  utilization of precision: 100.0000000000%
  utilization of precision: 100.0000000000%
  utilization of precision: 100.0000000000%
  utilization of precision: 100.0000000000%
  utilization of precision: 100.0000000000%
  utilization of precision: 100.0000000000%
  utilization of precision: 100.0000000000%
  utilization of precision: 100.0000000000%
  utilization of precision: 100.0000000000%
  utilization of precision: 100.0000000000%
  utilization of precision: 100.0000000000%
  energy             =   9.41314736E+11
   gradx =  -0.100905006250000000D+07
   grady =  -0.100905025000000000D+07
   gradz =  -0.100905081250000000D+07
     pot =  -0.120472975000000000D+07
  energy =   0.941314736128000000D+12
   end of cfmm (alloc & mp_alloc):                1333344                3931768
     cputime:   0.62003900000000023      seconds
    walltime:   0.62210702896118164      seconds
  difference:   2.06802896118141177E-003 seconds
  difference:    0.3335320780%
  utilization of precision: 100.0000000000%
  bytes/pt.                =    91.853855999999993     
  fmm_runtime(sequential)  =    14.904935000000000      seconds
  pt./second(sequential)   =    67091.872591192106     
  fmm_runtime(parallel)    =   0.62103895833333334      seconds
  pt./second(parallel)     =    1610204.9421886106     
  bytes/pt.(minimum)       =    84.405030480487682     
  bytes/pt.(maximum)       =    94.839369285045720     
 mp_finalize() - THE END :-)
 mp_finalize() - THE END :-)
 mp_finalize() - THE END :-)
 mp_finalize() - THE END :-)
 mp_finalize() - THE END :-)
 mp_finalize() - THE END :-)
 mp_finalize() - THE END :-)
 mp_finalize() - THE END :-)
 mp_finalize() - THE END :-)
 mp_finalize() - THE END :-)
 mp_finalize() - THE END :-)
 mp_finalize() - THE END :-)
 mp_finalize() - THE END :-)
 mp_finalize() - THE END :-)
 mp_finalize() - THE END :-)
 mp_finalize() - THE END :-)
 mp_finalize() - THE END :-)
 mp_finalize() - THE END :-)
  pt./second(minimum)      =    66768.155887443121     
 mp_finalize() - THE END :-)
  pt./second(maximum)      =    70377.239298828790     
  fmm_runtime(minimum)     =   0.59203800000000006      seconds
 mp_finalize() - THE END :-)
  fmm_runtime(maximum)     =   0.62404000000000015      seconds
 mp_finalize() - THE END :-)
  pt./second(par.,minimum) =    1602461.3806807252     
 mp_finalize() - THE END :-)
  pt./second(par.,maximum) =    1689080.7684641862     
  parallel efficiency      =  99.5190946627352702%
     nalloc =                     0
  maxnalloc =               3931768
 mp_finalize() - THE END :-)
 mp_finalize() - THE END :-)
Application 4453413 resources: utime ~46s, stime ~22s
