  nnodes:                  1008
  sortmemory =                     1
 start of cfmm (alloc & mp_alloc):               34087072               34087072
          ws =             1
    ncharges =    1073741824
                    3   1548.0000      1.31730289E+17  9.00719872E+15
     energy(scaled) =           1077654573566394368.000000000000000000
     energy         =           1085079438149812224.000000000000000000
  err:                     2   1.0068898      1.00000005E-03  1.08507946E+15
  ilevel =                     3  de =   1.07765461E+15  1.08507946E+15
  1   0.317053413766882918D+20   0.000000000000000000D+00   0.317053413766882918D+20   0
  2   0.774056185954304000D+19   0.512176521216000000D+12   0.774056240929885389D+19   3
                    4   26676.000      2.22892997E+16  1.12589937E+15
     energy(scaled) =           1077654573566394368.000000000000000000
     energy         =           1085079438149812224.000000000000000000
  err:                     2   1.0068898      1.00000005E-03  1.08507946E+15
  ilevel =                     4  de =   1.07765461E+15  1.08507946E+15
  1   0.317053413766882918D+20   0.000000000000000000D+00   0.317053413766882918D+20   0
  2   0.774056185954304000D+19   0.512176521216000000D+12   0.774056240929885389D+19   3
  3   0.128783597938147328D+19   0.512205160448000000D+12   0.128783652913728717D+19   3
                    5   292068.00      3.20370201E+15  1.40736951E+14
     energy(scaled) =           1077654573566394368.000000000000000000
     energy         =           1085079438149812224.000000000000000000
  err:                     2   1.0068898      1.00000005E-03  1.08507946E+15
  ilevel =                     5  de =   1.07765461E+15  1.08507946E+15
  1   0.317053413766882918D+20   0.000000000000000000D+00   0.317053413766882918D+20   0
  2   0.774056185954304000D+19   0.512176521216000000D+12   0.774056240929885389D+19   3
  3   0.128783597938147328D+19   0.512205160448000000D+12   0.128783652913728717D+19   3
  4   0.183944137798582272D+18   0.512518848512000000D+12   0.183944653194657792D+18   3
                    6   2699460.0      4.28324204E+14  1.75916492E+13
     energy(scaled) =           1077654573566394368.000000000000000000
     energy         =           1085079438149812224.000000000000000000
  err:                     2   1.0068898      1.00000005E-03  1.08507946E+15
  ilevel =                     6  de =   1.07765461E+15  1.08507946E+15
  2   0.774056185954304000D+19   0.512176521216000000D+12   0.774056240929885389D+19   3
  3   0.128783597938147328D+19   0.512205160448000000D+12   0.128783652913728717D+19   3
  4   0.183944137798582272D+18   0.512518848512000000D+12   0.183944653194657792D+18   3
  5   0.245253713617223680D+17   0.515418062848000000D+12   0.245258867577978880D+17   3
                    7   23149188.      5.53384390E+13  2.19848638E+12
     energy(scaled) =           1077654573566394368.000000000000000000
     energy         =           1085079438149812224.000000000000000000
  err:                     2   1.0068898      1.00000005E-03  1.08507946E+15
  ilevel =                     7  de =   1.07765461E+15  1.08507946E+15
  3   0.128783597938147328D+19   0.512205160448000000D+12   0.128783652913728717D+19   3
  4   0.183944137798582272D+18   0.512518848512000000D+12   0.183944653194657792D+18   3
  5   0.245253713617223680D+17   0.515418062848000000D+12   0.245258867577978880D+17   3
  6   0.316453082995097600D+16   0.540280291328000000D+12   0.316507119052390400D+16   3
                    8  1.91616512E+08  7.03146439E+12  2.74341036E+11
     energy(scaled) =           1077654573566394368.000000000000000000
     energy         =           1085079438149812224.000000000000000000
  err:                     2   1.0068898      1.00000005E-03  1.08507946E+15
  ilevel =                     8  de =   1.07765461E+15  1.08507946E+15
  4   0.183944137798582272D+18   0.512518848512000000D+12   0.183944653194657792D+18   3
  5   0.245253713617223680D+17   0.515418062848000000D+12   0.245258867577978880D+17   3
  6   0.316453082995097600D+16   0.540280291328000000D+12   0.316507119052390400D+16   3
  7   0.401819289255936000D+15   0.746076438528000000D+12   0.402565372051456000D+15   3
                    9  1.55904742E+09  8.86124315E+11  3.38228675E+10
     energy(scaled) =           1077654573566394368.000000000000000000
     energy         =           1085079438149812224.000000000000000000
  err:                     2   1.0068898      1.00000005E-03  1.08507946E+15
  ilevel =                     9  de =   1.07765461E+15  1.08507946E+15
  5   0.245253713617223680D+17   0.515418062848000000D+12   0.245258867577978880D+17   3
  6   0.316453082995097600D+16   0.540280291328000000D+12   0.316507119052390400D+16   3
  7   0.401819289255936000D+15   0.746076438528000000D+12   0.402565372051456000D+15   3
  8   0.505970971115520000D+14   0.242049351680000000D+13   0.530175922012160000D+14   3
                   10  1.25776927E+10  1.11216755E+11  3.75809638E+09
     energy(scaled) =           1077654573566394368.000000000000000000
     energy         =           1085079438149812224.000000000000000000
  err:                     2   1.0068898      1.00000005E-03  1.08507946E+15
  ilevel =                    10  de =   1.07765461E+15  1.08507946E+15
  6   0.316453082995097600D+16   0.540280291328000000D+12   0.316507119052390400D+16   3
  7   0.401819289255936000D+15   0.746076438528000000D+12   0.402565372051456000D+15   3
  8   0.505970971115520000D+14   0.242049351680000000D+13   0.530175922012160000D+14   3
  9   0.632361687449600000D+13   0.159289347932160000D+14   0.222525527162880000D+14   3
  xe =    8.7918253      ye =   2.05101717E+13
  fracdepth =    8.7918253      depth =                     9
  sh  =   0.13436824    
  sortmemory =             63945068 nalloc =             63935228 mem_size =                 9225
  additional memory in fmmsort:              12782652                 9225             12791877
 fmmsort:    3.6002239999999999       seconds
  emptyboxes = T             85184000 occupied boxes,             49033728 empty boxes, depth =                    9
                    1                    1
                    2                    1
                    3                    1
                    4                    1
                    5                    3
                    6                    4
                    7                   29
                    8                  230
                    9                 1325
                   10                10594
 start of pass5 (alloc & mp_alloc):               63935228               63945068
 start of pass5 (        mp_alloc):                      0                      0
Application 4453672 exit codes: 134
Application 4453672 exit signals: Killed
Application 4453672 resources: utime ~10s, stime ~1s
